[10:08:20][INFO ][ContextLoader.java: 271] - Root WebApplicationContext: initialization started
[10:08:21][INFO ][ContextLoader.java: 307] - Root WebApplicationContext initialized in 806 ms
[10:08:21][INFO ][FrameworkServlet.java: 525] - Initializing Servlet 'appServlet'
[10:08:22][INFO ][FrameworkServlet.java: 547] - Completed initialization in 784 ms
[10:08:56][INFO ][MemberController.java: 95] - login.do : Member [userId=pham, userPwd=1234, userName=null, gender=null, age=0, phone=null, email=null, enrollDate=null, lastModified=null, signType=null, adminYN=null, loginOk=null, photoFileName=null]
[10:09:01][INFO ][BoardController.java: 81] - currentPage!!!!!!!!!!!!!!!!!!!!!!!!!!1
[10:09:11][INFO ][BoardController.java: 81] - currentPage!!!!!!!!!!!!!!!!!!!!!!!!!!1
[10:09:36][INFO ][BoardController.java: 81] - currentPage!!!!!!!!!!!!!!!!!!!!!!!!!!1
[10:09:38][INFO ][BoardController.java: 81] - currentPage!!!!!!!!!!!!!!!!!!!!!!!!!!1
[10:09:39][INFO ][BoardController.java: 81] - currentPage!!!!!!!!!!!!!!!!!!!!!!!!!!1
[10:09:40][INFO ][BoardController.java: 81] - currentPage!!!!!!!!!!!!!!!!!!!!!!!!!!1
[10:09:40][INFO ][BoardController.java: 81] - currentPage!!!!!!!!!!!!!!!!!!!!!!!!!!1
[10:09:40][INFO ][BoardController.java: 81] - currentPage!!!!!!!!!!!!!!!!!!!!!!!!!!1
[10:09:41][INFO ][BoardController.java: 81] - currentPage!!!!!!!!!!!!!!!!!!!!!!!!!!1
[10:09:41][INFO ][BoardController.java: 81] - currentPage!!!!!!!!!!!!!!!!!!!!!!!!!!1
[10:11:04][INFO ][ContextLoader.java: 271] - Root WebApplicationContext: initialization started
[10:11:04][INFO ][ContextLoader.java: 307] - Root WebApplicationContext initialized in 825 ms
[10:11:04][INFO ][FrameworkServlet.java: 525] - Initializing Servlet 'appServlet'
[10:11:05][INFO ][FrameworkServlet.java: 547] - Completed initialization in 839 ms
[10:11:10][INFO ][BoardController.java: 81] - currentPage!!!!!!!!!!!!!!!!!!!!!!!!!!1
[10:11:19][INFO ][MemberController.java: 95] - login.do : Member [userId=pham, userPwd=1234, userName=null, gender=null, age=0, phone=null, email=null, enrollDate=null, lastModified=null, signType=null, adminYN=null, loginOk=null, photoFileName=null]
[10:11:24][INFO ][BoardController.java: 81] - currentPage!!!!!!!!!!!!!!!!!!!!!!!!!!1
[10:11:48][WARN ][DispatcherServlet.java: 1278] - No mapping for POST /first/breply.do
[10:12:15][INFO ][BoardController.java: 81] - currentPage!!!!!!!!!!!!!!!!!!!!!!!!!!1
[10:12:59][INFO ][BoardController.java: 81] - currentPage!!!!!!!!!!!!!!!!!!!!!!!!!!1
[10:13:13][INFO ][BoardController.java: 81] - currentPage!!!!!!!!!!!!!!!!!!!!!!!!!!1
[10:13:30][INFO ][BoardController.java: 81] - currentPage!!!!!!!!!!!!!!!!!!!!!!!!!!1
[10:13:36][INFO ][BoardController.java: 81] - currentPage!!!!!!!!!!!!!!!!!!!!!!!!!!1
[10:15:06][INFO ][BoardController.java: 81] - currentPage!!!!!!!!!!!!!!!!!!!!!!!!!!1
[10:15:10][INFO ][BoardController.java: 81] - currentPage!!!!!!!!!!!!!!!!!!!!!!!!!!1
[10:22:05][INFO ][ContextLoader.java: 271] - Root WebApplicationContext: initialization started
[10:22:06][INFO ][ContextLoader.java: 307] - Root WebApplicationContext initialized in 810 ms
[10:22:06][INFO ][FrameworkServlet.java: 525] - Initializing Servlet 'appServlet'
[10:22:07][INFO ][FrameworkServlet.java: 547] - Completed initialization in 769 ms
[10:22:14][INFO ][BoardController.java: 76] - page!!!!!!!!!!!!!!1
[10:22:14][INFO ][BoardController.java: 92] - currentPage!!!!!!!!!!!!!!!!!!!!!!!!!!1
[10:26:50][INFO ][ContextLoader.java: 271] - Root WebApplicationContext: initialization started
[10:26:51][INFO ][ContextLoader.java: 307] - Root WebApplicationContext initialized in 809 ms
[10:26:51][INFO ][FrameworkServlet.java: 525] - Initializing Servlet 'appServlet'
[10:26:52][INFO ][FrameworkServlet.java: 547] - Completed initialization in 789 ms
[10:27:14][INFO ][ContextLoader.java: 271] - Root WebApplicationContext: initialization started
[10:27:15][INFO ][ContextLoader.java: 307] - Root WebApplicationContext initialized in 798 ms
[10:27:15][INFO ][FrameworkServlet.java: 525] - Initializing Servlet 'appServlet'
[10:27:15][INFO ][FrameworkServlet.java: 547] - Completed initialization in 802 ms
[10:27:24][INFO ][BoardController.java: 199] - blist.do1
[10:28:05][INFO ][ContextLoader.java: 271] - Root WebApplicationContext: initialization started
[10:28:06][INFO ][ContextLoader.java: 307] - Root WebApplicationContext initialized in 795 ms
[10:28:06][INFO ][FrameworkServlet.java: 525] - Initializing Servlet 'appServlet'
[10:28:07][INFO ][FrameworkServlet.java: 547] - Completed initialization in 778 ms
[10:28:11][INFO ][BoardController.java: 199] - blist.do!!!!!!!!1
[10:28:17][INFO ][BoardController.java: 199] - blist.do!!!!!!!!2
[10:28:46][INFO ][ContextLoader.java: 271] - Root WebApplicationContext: initialization started
[10:28:47][INFO ][ContextLoader.java: 307] - Root WebApplicationContext initialized in 797 ms
[10:28:47][INFO ][FrameworkServlet.java: 525] - Initializing Servlet 'appServlet'
[10:28:48][INFO ][FrameworkServlet.java: 547] - Completed initialization in 780 ms
[10:28:52][INFO ][BoardController.java: 199] - blist.do111!!!!!!!!1
[10:28:52][INFO ][BoardController.java: 204] - blist.do222!!!!!!!!1
[10:28:54][INFO ][BoardController.java: 199] - blist.do111!!!!!!!!2
[10:28:54][INFO ][BoardController.java: 204] - blist.do222!!!!!!!!2
[10:30:43][INFO ][ContextLoader.java: 271] - Root WebApplicationContext: initialization started
[10:30:44][INFO ][ContextLoader.java: 307] - Root WebApplicationContext initialized in 807 ms
[10:30:44][INFO ][FrameworkServlet.java: 525] - Initializing Servlet 'appServlet'
[10:30:44][INFO ][FrameworkServlet.java: 547] - Completed initialization in 793 ms
[10:30:45][INFO ][BoardController.java: 199] - blist.do111!!!!!!!!1
[10:30:45][INFO ][BoardController.java: 204] - blist.do222!!!!!!!!1
[10:30:45][INFO ][BoardController.java: 217] - blist.do333!!!!!!!!1
[10:30:53][INFO ][BoardController.java: 199] - blist.do111!!!!!!!!2
[10:30:53][INFO ][BoardController.java: 204] - blist.do222!!!!!!!!2
[10:30:53][INFO ][BoardController.java: 217] - blist.do333!!!!!!!!2
[10:31:53][INFO ][ContextLoader.java: 271] - Root WebApplicationContext: initialization started
[10:31:53][INFO ][ContextLoader.java: 307] - Root WebApplicationContext initialized in 794 ms
[10:31:54][INFO ][FrameworkServlet.java: 525] - Initializing Servlet 'appServlet'
[10:31:54][INFO ][FrameworkServlet.java: 547] - Completed initialization in 771 ms
[10:31:54][INFO ][BoardController.java: 199] - blist.do111!!!!!!!!1
[10:31:54][INFO ][BoardController.java: 204] - blist.do222!!!!!!!!1
[10:31:59][INFO ][BoardController.java: 199] - blist.do111!!!!!!!!1
[10:31:59][INFO ][BoardController.java: 204] - blist.do222!!!!!!!!1
[10:32:00][INFO ][BoardController.java: 199] - blist.do111!!!!!!!!2
[10:32:00][INFO ][BoardController.java: 204] - blist.do222!!!!!!!!2
[10:32:01][INFO ][BoardController.java: 76] - page!!!!!!!!!!!!!!2
[10:32:01][INFO ][BoardController.java: 92] - currentPage!!!!!!!!!!!!!!!!!!!!!!!!!!2
[10:32:02][INFO ][BoardController.java: 199] - blist.do111!!!!!!!!2
[10:32:02][INFO ][BoardController.java: 204] - blist.do222!!!!!!!!2
[11:17:46][INFO ][ContextLoader.java: 271] - Root WebApplicationContext: initialization started
[11:17:47][INFO ][ContextLoader.java: 307] - Root WebApplicationContext initialized in 802 ms
[11:17:47][INFO ][FrameworkServlet.java: 525] - Initializing Servlet 'appServlet'
[11:17:48][INFO ][FrameworkServlet.java: 547] - Completed initialization in 769 ms
[11:17:56][INFO ][BoardController.java: 228] - blist.do111!!!!!!!!1
[11:17:56][INFO ][BoardController.java: 233] - blist.do222!!!!!!!!1
[11:18:04][INFO ][MemberController.java: 95] - login.do : Member [userId=pham, userPwd=1234, userName=null, gender=null, age=0, phone=null, email=null, enrollDate=null, lastModified=null, signType=null, adminYN=null, loginOk=null, photoFileName=null]
[11:18:07][INFO ][BoardController.java: 228] - blist.do111!!!!!!!!1
[11:18:07][INFO ][BoardController.java: 233] - blist.do222!!!!!!!!1
[11:18:10][INFO ][BoardController.java: 105] - page!!!!!!!!!!!!!!1
[11:18:10][INFO ][BoardController.java: 121] - currentPage!!!!!!!!!!!!!!!!!!!!!!!!!!1
[11:18:24][INFO ][BoardController.java: 86] - breply.doBoard [boardNum=0, boardWriter=pham, boardTitle=하이, boardContent=안녕, boardOriginalFileName=null, boardRenameFileName=null, boardRef=14, boardReplyRef=0, boardLev=2, boardReplySeq=1, boardReadCount=0, boardDate=null]
[11:18:24][INFO ][BoardController.java: 228] - blist.do111!!!!!!!!1
[11:18:24][INFO ][BoardController.java: 233] - blist.do222!!!!!!!!1
[11:18:53][INFO ][BoardController.java: 228] - blist.do111!!!!!!!!2
[11:18:53][INFO ][BoardController.java: 233] - blist.do222!!!!!!!!2
[11:18:54][INFO ][BoardController.java: 105] - page!!!!!!!!!!!!!!2
[11:18:54][INFO ][BoardController.java: 121] - currentPage!!!!!!!!!!!!!!!!!!!!!!!!!!2
[11:18:56][INFO ][BoardController.java: 228] - blist.do111!!!!!!!!2
[11:18:56][INFO ][BoardController.java: 233] - blist.do222!!!!!!!!2
[11:18:58][INFO ][BoardController.java: 228] - blist.do111!!!!!!!!1
[11:18:58][INFO ][BoardController.java: 233] - blist.do222!!!!!!!!1
[11:18:59][INFO ][BoardController.java: 105] - page!!!!!!!!!!!!!!1
[11:18:59][INFO ][BoardController.java: 121] - currentPage!!!!!!!!!!!!!!!!!!!!!!!!!!1
[11:19:05][INFO ][BoardController.java: 105] - page!!!!!!!!!!!!!!1
[11:19:05][INFO ][BoardController.java: 121] - currentPage!!!!!!!!!!!!!!!!!!!!!!!!!!1
[11:19:35][INFO ][BoardController.java: 105] - page!!!!!!!!!!!!!!1
[11:19:35][INFO ][BoardController.java: 121] - currentPage!!!!!!!!!!!!!!!!!!!!!!!!!!1
[12:57:09][INFO ][ContextLoader.java: 271] - Root WebApplicationContext: initialization started
[12:57:10][INFO ][ContextLoader.java: 307] - Root WebApplicationContext initialized in 791 ms
[12:57:10][INFO ][FrameworkServlet.java: 525] - Initializing Servlet 'appServlet'
[12:57:10][INFO ][FrameworkServlet.java: 547] - Completed initialization in 772 ms
[12:57:25][INFO ][MemberController.java: 95] - login.do : Member [userId=pham, userPwd=1234, userName=null, gender=null, age=0, phone=null, email=null, enrollDate=null, lastModified=null, signType=null, adminYN=null, loginOk=null, photoFileName=null]
[12:57:27][INFO ][BoardController.java: 253] - blist.do111!!!!!!!!1
[12:57:27][INFO ][BoardController.java: 258] - blist.do222!!!!!!!!1
[12:57:31][INFO ][BoardController.java: 130] - page!!!!!!!!!!!!!!1
[12:57:31][INFO ][BoardController.java: 146] - currentPage!!!!!!!!!!!!!!!!!!!!!!!!!!1
[13:15:32][INFO ][BoardController.java: 253] - blist.do111!!!!!!!!1
[13:15:32][INFO ][BoardController.java: 258] - blist.do222!!!!!!!!1
[13:15:35][INFO ][BoardController.java: 130] - page!!!!!!!!!!!!!!1
[13:15:35][INFO ][BoardController.java: 146] - currentPage!!!!!!!!!!!!!!!!!!!!!!!!!!1
[15:42:06][INFO ][ContextLoader.java: 271] - Root WebApplicationContext: initialization started
[15:42:07][INFO ][ContextLoader.java: 307] - Root WebApplicationContext initialized in 855 ms
[15:42:07][INFO ][FrameworkServlet.java: 525] - Initializing Servlet 'appServlet'
[15:42:08][INFO ][FrameworkServlet.java: 547] - Completed initialization in 799 ms
[15:42:15][INFO ][BoardController.java: 253] - blist.do111!!!!!!!!1
[15:42:15][INFO ][BoardController.java: 258] - blist.do222!!!!!!!!1
[15:42:18][INFO ][BoardController.java: 253] - blist.do111!!!!!!!!1
[15:42:18][INFO ][BoardController.java: 258] - blist.do222!!!!!!!!1
[15:42:26][INFO ][MemberController.java: 95] - login.do : Member [userId=pham, userPwd=1234, userName=null, gender=null, age=0, phone=null, email=null, enrollDate=null, lastModified=null, signType=null, adminYN=null, loginOk=null, photoFileName=null]
[15:42:30][INFO ][BoardController.java: 253] - blist.do111!!!!!!!!1
[15:42:30][INFO ][BoardController.java: 258] - blist.do222!!!!!!!!1
[16:05:34][INFO ][ContextLoader.java: 271] - Root WebApplicationContext: initialization started
[16:05:35][INFO ][ContextLoader.java: 307] - Root WebApplicationContext initialized in 813 ms
[16:05:35][INFO ][FrameworkServlet.java: 525] - Initializing Servlet 'appServlet'
[16:05:36][INFO ][FrameworkServlet.java: 547] - Completed initialization in 806 ms
[16:05:41][INFO ][BoardController.java: 279] - blist.do111!!!!!!!!1
[16:05:41][INFO ][BoardController.java: 284] - blist.do222!!!!!!!!1
[16:18:00][INFO ][ContextLoader.java: 271] - Root WebApplicationContext: initialization started
[16:18:01][INFO ][ContextLoader.java: 307] - Root WebApplicationContext initialized in 807 ms
[16:18:01][INFO ][FrameworkServlet.java: 525] - Initializing Servlet 'appServlet'
[16:18:02][INFO ][FrameworkServlet.java: 547] - Completed initialization in 783 ms
[16:18:18][INFO ][MemberController.java: 95] - login.do : Member [userId=pham, userPwd=1234, userName=null, gender=null, age=0, phone=null, email=null, enrollDate=null, lastModified=null, signType=null, adminYN=null, loginOk=null, photoFileName=null]
[16:18:20][INFO ][BoardController.java: 279] - blist.do111!!!!!!!!1
[16:18:20][INFO ][BoardController.java: 284] - blist.do222!!!!!!!!1
[16:18:23][INFO ][BoardController.java: 156] - page!!!!!!!!!!!!!!1
[16:18:23][INFO ][BoardController.java: 172] - currentPage!!!!!!!!!!!!!!!!!!!!!!!!!!1
[16:18:28][INFO ][BoardController.java: 279] - blist.do111!!!!!!!!null
[16:18:28][INFO ][BoardController.java: 284] - blist.do222!!!!!!!!1
[16:18:54][INFO ][BoardController.java: 156] - page!!!!!!!!!!!!!!1
[16:18:54][INFO ][BoardController.java: 172] - currentPage!!!!!!!!!!!!!!!!!!!!!!!!!!1
[16:18:58][INFO ][BoardController.java: 156] - page!!!!!!!!!!!!!!1
[16:18:58][INFO ][BoardController.java: 172] - currentPage!!!!!!!!!!!!!!!!!!!!!!!!!!1
[16:19:05][INFO ][BoardController.java: 138] - breply.doBoard [boardNum=0, boardWriter=pham, boardTitle=fa, boardContent=fa, boardOriginalFileName=null, boardRenameFileName=null, boardRef=11, boardReplyRef=0, boardLev=2, boardReplySeq=1, boardReadCount=0, boardDate=null]
[16:19:05][INFO ][BoardController.java: 279] - blist.do111!!!!!!!!1
[16:19:05][INFO ][BoardController.java: 284] - blist.do222!!!!!!!!1
[16:19:07][INFO ][BoardController.java: 156] - page!!!!!!!!!!!!!!1
[16:19:07][INFO ][BoardController.java: 172] - currentPage!!!!!!!!!!!!!!!!!!!!!!!!!!1
[16:19:13][INFO ][BoardController.java: 279] - blist.do111!!!!!!!!null
[16:19:13][INFO ][BoardController.java: 284] - blist.do222!!!!!!!!1
[16:19:22][INFO ][BoardController.java: 156] - page!!!!!!!!!!!!!!1
[16:19:22][INFO ][BoardController.java: 172] - currentPage!!!!!!!!!!!!!!!!!!!!!!!!!!1
[16:19:28][INFO ][BoardController.java: 138] - breply.doBoard [boardNum=0, boardWriter=pham, boardTitle=fas, boardContent=fa, boardOriginalFileName=null, boardRenameFileName=null, boardRef=12, boardReplyRef=0, boardLev=2, boardReplySeq=1, boardReadCount=0, boardDate=null]
[16:19:28][INFO ][BoardController.java: 279] - blist.do111!!!!!!!!1
[16:19:28][INFO ][BoardController.java: 284] - blist.do222!!!!!!!!1
[16:19:29][INFO ][BoardController.java: 156] - page!!!!!!!!!!!!!!1
[16:19:29][INFO ][BoardController.java: 172] - currentPage!!!!!!!!!!!!!!!!!!!!!!!!!!1
[16:19:38][INFO ][BoardController.java: 156] - page!!!!!!!!!!!!!!1
[16:19:38][INFO ][BoardController.java: 172] - currentPage!!!!!!!!!!!!!!!!!!!!!!!!!!1
[16:19:42][INFO ][BoardController.java: 279] - blist.do111!!!!!!!!null
[16:19:42][INFO ][BoardController.java: 284] - blist.do222!!!!!!!!1
[16:19:46][INFO ][BoardController.java: 156] - page!!!!!!!!!!!!!!1
[16:19:46][INFO ][BoardController.java: 172] - currentPage!!!!!!!!!!!!!!!!!!!!!!!!!!1
[16:19:48][INFO ][BoardController.java: 279] - blist.do111!!!!!!!!1
[16:19:48][INFO ][BoardController.java: 284] - blist.do222!!!!!!!!1
[16:19:49][INFO ][BoardController.java: 156] - page!!!!!!!!!!!!!!1
[16:19:49][INFO ][BoardController.java: 172] - currentPage!!!!!!!!!!!!!!!!!!!!!!!!!!1
[16:58:32][INFO ][ContextLoader.java: 271] - Root WebApplicationContext: initialization started
[16:58:33][INFO ][ContextLoader.java: 307] - Root WebApplicationContext initialized in 865 ms
[16:58:33][INFO ][FrameworkServlet.java: 525] - Initializing Servlet 'appServlet'
[16:58:34][INFO ][FrameworkServlet.java: 547] - Completed initialization in 834 ms
[16:58:44][INFO ][MemberController.java: 95] - login.do : Member [userId=pham, userPwd=1234, userName=null, gender=null, age=0, phone=null, email=null, enrollDate=null, lastModified=null, signType=null, adminYN=null, loginOk=null, photoFileName=null]
[16:58:46][INFO ][BoardController.java: 298] - blist.do111!!!!!!!!1
[16:58:46][INFO ][BoardController.java: 303] - blist.do222!!!!!!!!1
[16:58:51][INFO ][BoardController.java: 175] - page!!!!!!!!!!!!!!1
[16:58:51][INFO ][BoardController.java: 191] - currentPage!!!!!!!!!!!!!!!!!!!!!!!!!!1
[16:59:42][WARN ][DispatcherServlet.java: 1278] - No mapping for POST /first/boriginupdate.do
[16:59:49][INFO ][ContextLoader.java: 271] - Root WebApplicationContext: initialization started
[16:59:49][INFO ][ContextLoader.java: 307] - Root WebApplicationContext initialized in 821 ms
[16:59:49][INFO ][FrameworkServlet.java: 525] - Initializing Servlet 'appServlet'
[16:59:54][INFO ][ContextLoader.java: 271] - Root WebApplicationContext: initialization started
[16:59:55][INFO ][ContextLoader.java: 307] - Root WebApplicationContext initialized in 831 ms
[16:59:55][INFO ][FrameworkServlet.java: 525] - Initializing Servlet 'appServlet'
[16:59:55][INFO ][FrameworkServlet.java: 547] - Completed initialization in 811 ms
[17:00:13][INFO ][MemberController.java: 95] - login.do : Member [userId=pham, userPwd=1234, userName=null, gender=null, age=0, phone=null, email=null, enrollDate=null, lastModified=null, signType=null, adminYN=null, loginOk=null, photoFileName=null]
[17:00:15][INFO ][BoardController.java: 298] - blist.do111!!!!!!!!1
[17:00:15][INFO ][BoardController.java: 303] - blist.do222!!!!!!!!1
[17:00:18][INFO ][BoardController.java: 175] - page!!!!!!!!!!!!!!1
[17:00:18][INFO ][BoardController.java: 191] - currentPage!!!!!!!!!!!!!!!!!!!!!!!!!!1
[17:00:32][WARN ][DispatcherServlet.java: 1278] - No mapping for POST /first/boriginupdate.do
[17:02:14][INFO ][BoardController.java: 298] - blist.do111!!!!!!!!1
[17:02:14][INFO ][BoardController.java: 303] - blist.do222!!!!!!!!1
[17:02:22][INFO ][BoardController.java: 175] - page!!!!!!!!!!!!!!1
[17:02:22][INFO ][BoardController.java: 191] - currentPage!!!!!!!!!!!!!!!!!!!!!!!!!!1
[17:02:27][INFO ][BoardController.java: 157] - breply.doBoard [boardNum=0, boardWriter=pham, boardTitle=ㄹㄴㄹ, boardContent=ㄹㄴㄹ, boardOriginalFileName=null, boardRenameFileName=null, boardRef=13, boardReplyRef=0, boardLev=2, boardReplySeq=1, boardReadCount=0, boardDate=null]
[17:02:27][INFO ][BoardController.java: 298] - blist.do111!!!!!!!!1
[17:02:27][INFO ][BoardController.java: 303] - blist.do222!!!!!!!!1
[17:02:29][INFO ][BoardController.java: 175] - page!!!!!!!!!!!!!!1
[17:02:29][INFO ][BoardController.java: 191] - currentPage!!!!!!!!!!!!!!!!!!!!!!!!!!1
[17:02:34][INFO ][BoardController.java: 298] - blist.do111!!!!!!!!1
[17:02:34][INFO ][BoardController.java: 303] - blist.do222!!!!!!!!1
[17:02:49][INFO ][BoardController.java: 298] - blist.do111!!!!!!!!2
[17:02:49][INFO ][BoardController.java: 303] - blist.do222!!!!!!!!2
[17:02:51][INFO ][BoardController.java: 175] - page!!!!!!!!!!!!!!2
[17:02:51][INFO ][BoardController.java: 191] - currentPage!!!!!!!!!!!!!!!!!!!!!!!!!!2
[17:02:52][INFO ][BoardController.java: 298] - blist.do111!!!!!!!!2
[17:02:52][INFO ][BoardController.java: 303] - blist.do222!!!!!!!!2
[17:02:54][INFO ][BoardController.java: 298] - blist.do111!!!!!!!!1
[17:02:54][INFO ][BoardController.java: 303] - blist.do222!!!!!!!!1
[17:49:09][INFO ][ContextLoader.java: 271] - Root WebApplicationContext: initialization started
[17:49:10][INFO ][ContextLoader.java: 307] - Root WebApplicationContext initialized in 802 ms
[17:49:10][INFO ][FrameworkServlet.java: 525] - Initializing Servlet 'appServlet'
[17:49:11][INFO ][FrameworkServlet.java: 547] - Completed initialization in 777 ms
[17:49:24][INFO ][MemberController.java: 95] - login.do : Member [userId=pham, userPwd=1234, userName=null, gender=null, age=0, phone=null, email=null, enrollDate=null, lastModified=null, signType=null, adminYN=null, loginOk=null, photoFileName=null]
[17:49:28][INFO ][BoardController.java: 342] - blist.do111!!!!!!!!1
[17:49:28][INFO ][BoardController.java: 347] - blist.do222!!!!!!!!1
[17:49:30][INFO ][BoardController.java: 219] - page!!!!!!!!!!!!!!1
[17:49:30][INFO ][BoardController.java: 235] - currentPage!!!!!!!!!!!!!!!!!!!!!!!!!!1
[17:51:52][INFO ][BoardController.java: 342] - blist.do111!!!!!!!!1
[17:51:52][INFO ][BoardController.java: 347] - blist.do222!!!!!!!!1
[17:51:53][INFO ][BoardController.java: 219] - page!!!!!!!!!!!!!!1
[17:51:53][INFO ][BoardController.java: 235] - currentPage!!!!!!!!!!!!!!!!!!!!!!!!!!1
[17:53:56][INFO ][ContextLoader.java: 271] - Root WebApplicationContext: initialization started
[17:53:57][INFO ][ContextLoader.java: 307] - Root WebApplicationContext initialized in 794 ms
[17:53:57][INFO ][FrameworkServlet.java: 525] - Initializing Servlet 'appServlet'
[17:53:58][INFO ][FrameworkServlet.java: 547] - Completed initialization in 778 ms
[17:54:00][INFO ][BoardController.java: 343] - blist.do111!!!!!!!!1
[17:54:00][INFO ][BoardController.java: 348] - blist.do222!!!!!!!!1
[17:54:03][INFO ][BoardController.java: 220] - page!!!!!!!!!!!!!!1
[17:54:03][INFO ][BoardController.java: 236] - currentPage!!!!!!!!!!!!!!!!!!!!!!!!!!1
[17:54:15][INFO ][BoardController.java: 110] - bnum0
[17:56:11][INFO ][ContextLoader.java: 271] - Root WebApplicationContext: initialization started
[17:56:11][INFO ][ContextLoader.java: 307] - Root WebApplicationContext initialized in 780 ms
[17:56:11][INFO ][FrameworkServlet.java: 525] - Initializing Servlet 'appServlet'
[17:56:12][INFO ][FrameworkServlet.java: 547] - Completed initialization in 771 ms
[17:56:14][INFO ][BoardController.java: 110] - bnum0
[17:59:03][INFO ][BoardController.java: 220] - page!!!!!!!!!!!!!!1
[17:59:03][INFO ][BoardController.java: 236] - currentPage!!!!!!!!!!!!!!!!!!!!!!!!!!1
[17:59:14][INFO ][MemberController.java: 95] - login.do : Member [userId=pham, userPwd=1234, userName=null, gender=null, age=0, phone=null, email=null, enrollDate=null, lastModified=null, signType=null, adminYN=null, loginOk=null, photoFileName=null]
[17:59:19][INFO ][BoardController.java: 343] - blist.do111!!!!!!!!1
[17:59:19][INFO ][BoardController.java: 348] - blist.do222!!!!!!!!1
[17:59:20][INFO ][BoardController.java: 220] - page!!!!!!!!!!!!!!1
[17:59:20][INFO ][BoardController.java: 236] - currentPage!!!!!!!!!!!!!!!!!!!!!!!!!!1
[18:00:41][INFO ][BoardController.java: 110] - bnum0
[18:03:56][INFO ][ContextLoader.java: 271] - Root WebApplicationContext: initialization started
[18:03:57][INFO ][ContextLoader.java: 307] - Root WebApplicationContext initialized in 777 ms
[18:03:57][INFO ][FrameworkServlet.java: 525] - Initializing Servlet 'appServlet'
[18:03:57][INFO ][FrameworkServlet.java: 547] - Completed initialization in 773 ms
[18:03:57][INFO ][BoardController.java: 110] - bnum0
[18:04:05][INFO ][BoardController.java: 343] - blist.do111!!!!!!!!1
[18:04:05][INFO ][BoardController.java: 348] - blist.do222!!!!!!!!1
[18:04:07][INFO ][BoardController.java: 220] - page!!!!!!!!!!!!!!1
[18:04:07][INFO ][BoardController.java: 236] - currentPage!!!!!!!!!!!!!!!!!!!!!!!!!!1
[18:04:15][INFO ][BoardController.java: 110] - bnum18
[18:04:15][INFO ][BoardController.java: 220] - page!!!!!!!!!!!!!!1
[18:04:15][INFO ][BoardController.java: 236] - currentPage!!!!!!!!!!!!!!!!!!!!!!!!!!1
